<?xml version="1.0" encoding="UTF-8"?>
<testsuite xmlns:xsi="http://www.w3.org/2001/XMLSchema-instance" xsi:noNamespaceSchemaLocation="https://maven.apache.org/surefire/maven-surefire-plugin/xsd/surefire-test-report.xsd" name="tn.esprit.com.test.AppTest" time="0.031" tests="1" errors="0" skipped="0" failures="0">
  <properties>
    <property name="sun.desktop" value="windows"/>
    <property name="awt.toolkit" value="sun.awt.windows.WToolkit"/>
    <property name="file.encoding.pkg" value="sun.io"/>
    <property name="java.specification.version" value="1.8"/>
    <property name="sun.cpu.isalist" value="pentium_pro+mmx pentium_pro pentium+mmx pentium i486 i386 i86"/>
    <property name="sun.jnu.encoding" value="Cp1252"/>
    <property name="java.class.path" value="C:\Users\dot\stsworkplace\demoic\target\test-classes;C:\Users\dot\stsworkplace\demoic\target\classes;C:\Users\dot\.m2\repository\junit\junit\4.11\junit-4.11.jar;C:\Users\dot\.m2\repository\org\hamcrest\hamcrest-core\1.3\hamcrest-core-1.3.jar;C:\Users\dot\.m2\repository\com\sun\mail\gimap\2.0.0-RC6\gimap-2.0.0-RC6.jar;C:\Users\dot\.m2\repository\com\sun\mail\mailapi\2.0.0-RC6\mailapi-2.0.0-RC6.jar;C:\Users\dot\.m2\repository\com\sun\activation\jakarta.activation\2.0.0-RC3\jakarta.activation-2.0.0-RC3.jar;C:\Users\dot\.m2\repository\com\sun\mail\imap\2.0.0-RC6\imap-2.0.0-RC6.jar;"/>
    <property name="java.vm.vendor" value="Oracle Corporation"/>
    <property name="sun.arch.data.model" value="32"/>
    <property name="user.variant" value=""/>
    <property name="java.vendor.url" value="http://java.oracle.com/"/>
    <property name="user.timezone" value="GMT+01:00"/>
    <property name="java.vm.specification.version" value="1.8"/>
    <property name="os.name" value="Windows 10"/>
    <property name="user.country" value="FR"/>
    <property name="sun.java.launcher" value="SUN_STANDARD"/>
    <property name="sun.boot.library.path" value="C:\Program Files (x86)\Java\jdk1.8.0_60\jre\bin"/>
    <property name="sun.java.command" value="C:\Users\dot\AppData\Local\Temp\surefire674581682581446185\surefirebooter465692715387881109.jar C:\Users\dot\AppData\Local\Temp\surefire674581682581446185 2020-10-29T20-36-08_523-jvmRun1 surefire8428712978668755825tmp surefire_03933546227279225775tmp"/>
    <property name="surefire.test.class.path" value="C:\Users\dot\stsworkplace\demoic\target\test-classes;C:\Users\dot\stsworkplace\demoic\target\classes;C:\Users\dot\.m2\repository\junit\junit\4.11\junit-4.11.jar;C:\Users\dot\.m2\repository\org\hamcrest\hamcrest-core\1.3\hamcrest-core-1.3.jar;C:\Users\dot\.m2\repository\com\sun\mail\gimap\2.0.0-RC6\gimap-2.0.0-RC6.jar;C:\Users\dot\.m2\repository\com\sun\mail\mailapi\2.0.0-RC6\mailapi-2.0.0-RC6.jar;C:\Users\dot\.m2\repository\com\sun\activation\jakarta.activation\2.0.0-RC3\jakarta.activation-2.0.0-RC3.jar;C:\Users\dot\.m2\repository\com\sun\mail\imap\2.0.0-RC6\imap-2.0.0-RC6.jar;"/>
    <property name="sun.cpu.endian" value="little"/>
    <property name="user.home" value="C:\Users\dot"/>
    <property name="user.language" value="fr"/>
    <property name="java.specification.vendor" value="Oracle Corporation"/>
    <property name="java.home" value="C:\Program Files (x86)\Java\jdk1.8.0_60\jre"/>
    <property name="basedir" value="C:\Users\dot\stsworkplace\demoic"/>
    <property name="file.separator" value="\"/>
    <property name="line.separator" value="&#10;"/>
    <property name="java.vm.specification.vendor" value="Oracle Corporation"/>
    <property name="java.specification.name" value="Java Platform API Specification"/>
    <property name="java.awt.graphicsenv" value="sun.awt.Win32GraphicsEnvironment"/>
    <property name="surefire.real.class.path" value="C:\Users\dot\AppData\Local\Temp\surefire674581682581446185\surefirebooter465692715387881109.jar"/>
    <property name="sun.boot.class.path" value="C:\Program Files (x86)\Java\jdk1.8.0_60\jre\lib\resources.jar;C:\Program Files (x86)\Java\jdk1.8.0_60\jre\lib\rt.jar;C:\Program Files (x86)\Java\jdk1.8.0_60\jre\lib\sunrsasign.jar;C:\Program Files (x86)\Java\jdk1.8.0_60\jre\lib\jsse.jar;C:\Program Files (x86)\Java\jdk1.8.0_60\jre\lib\jce.jar;C:\Program Files (x86)\Java\jdk1.8.0_60\jre\lib\charsets.jar;C:\Program Files (x86)\Java\jdk1.8.0_60\jre\lib\jfr.jar;C:\Program Files (x86)\Java\jdk1.8.0_60\jre\classes"/>
    <property name="user.script" value=""/>
    <property name="sun.management.compiler" value="HotSpot Client Compiler"/>
    <property name="java.runtime.version" value="1.8.0_60-b27"/>
    <property name="user.name" value="dot"/>
    <property name="path.separator" value=";"/>
    <property name="os.version" value="10.0"/>
    <property name="java.endorsed.dirs" value="C:\Program Files (x86)\Java\jdk1.8.0_60\jre\lib\endorsed"/>
    <property name="java.runtime.name" value="Java(TM) SE Runtime Environment"/>
    <property name="file.encoding" value="Cp1252"/>
    <property name="java.vm.name" value="Java HotSpot(TM) Client VM"/>
    <property name="localRepository" value="C:\Users\dot\.m2\repository"/>
    <property name="java.vendor.url.bug" value="http://bugreport.sun.com/bugreport/"/>
    <property name="java.io.tmpdir" value="C:\Users\dot\AppData\Local\Temp\"/>
    <property name="java.version" value="1.8.0_60"/>
    <property name="user.dir" value="C:\Users\dot\stsworkplace\demoic"/>
    <property name="os.arch" value="x86"/>
    <property name="java.vm.specification.name" value="Java Virtual Machine Specification"/>
    <property name="java.awt.printerjob" value="sun.awt.windows.WPrinterJob"/>
    <property name="sun.os.patch.level" value=""/>
    <property name="java.library.path" value="C:\Program Files (x86)\Java\jdk1.8.0_60\jre\bin;C:\Windows\Sun\Java\bin;C:\Windows\system32;C:\Windows;C:\oraclexe\app\oracle\product\10.2.0\server\bin;C:\ProgramData\Oracle\Java\javapath;C:\Windows\system32;C:\Windows;C:\Windows\System32\Wbem;C:\Windows\System32\WindowsPowerShell\v1.0\;C:\Windows\System32\OpenSSH\;C:\Users\dot\.dnx\bin;C:\Program Files\Microsoft DNX\Dnvm\;C:\Program Files\NVIDIA Corporation\NVIDIA NvDLISR;C:\Program Files (x86)\NVIDIA Corporation\PhysX\Common;C:\Program Files (x86)\GnuWin32\bin;C:\Program Files\Git\cmd;C:\Program Files\nodejs\;C:\Program Files (x86)\Microsoft SQL Server\110\DTS\Binn\;C:\Program Files (x86)\Microsoft SQL Server\110\Tools\Binn\;C:\Program Files (x86)\Microsoft SQL Server\110\Tools\Binn\ManagementStudio\;C:\Program Files (x86)\Microsoft Visual Studio 10.0\Common7\IDE\PrivateAssemblies\;C:\Users\dot\Desktop\IntÃ©gration continue\apache maven\apache-maven-3.3.3\bin;C:\Users\dot\AppData\Local\Programs\Python\Python38\Scripts\;C:\Users\dot\AppData\Local\Programs\Python\Python38\;C:\Users\dot\AppData\Local\Microsoft\WindowsApps;C:\Program Files\Java\jdk1.8.0_60\bin;C:\Users\dot\AppData\Local\Programs\Microsoft VS Code\bin;C:\Users\dot\AppData\Roaming\npm;;."/>
    <property name="java.vm.info" value="mixed mode"/>
    <property name="java.vendor" value="Oracle Corporation"/>
    <property name="java.vm.version" value="25.60-b23"/>
    <property name="java.ext.dirs" value="C:\Program Files (x86)\Java\jdk1.8.0_60\jre\lib\ext;C:\Windows\Sun\Java\lib\ext"/>
    <property name="sun.io.unicode.encoding" value="UnicodeLittle"/>
    <property name="java.class.version" value="52.0"/>
  </properties>
  <testcase name="shouldAnswerWithTrue" classname="tn.esprit.com.test.AppTest" time="0.001"/>
</testsuite>